[2025-03-01 12:13:51Z INFO HostContext] No proxy settings were found based on environmental variables (http_proxy/https_proxy/HTTP_PROXY/HTTPS_PROXY)
[2025-03-01 12:13:51Z INFO HostContext] Well known directory 'Bin': '/Users/sujungnam/loc-git/sujungeee.github.io/actions-runner/bin'
[2025-03-01 12:13:51Z INFO HostContext] Well known directory 'Root': '/Users/sujungnam/loc-git/sujungeee.github.io/actions-runner'
[2025-03-01 12:13:51Z INFO HostContext] Well known config file 'Credentials': '/Users/sujungnam/loc-git/sujungeee.github.io/actions-runner/.credentials'
[2025-03-01 12:13:51Z INFO HostContext] Well known directory 'Bin': '/Users/sujungnam/loc-git/sujungeee.github.io/actions-runner/bin'
[2025-03-01 12:13:51Z INFO HostContext] Well known directory 'Root': '/Users/sujungnam/loc-git/sujungeee.github.io/actions-runner'
[2025-03-01 12:13:51Z INFO HostContext] Well known config file 'Runner': '/Users/sujungnam/loc-git/sujungeee.github.io/actions-runner/.runner'
[2025-03-01 12:13:51Z INFO Listener] Runner is built for OSX (Arm64) - osx-arm64.
[2025-03-01 12:13:51Z INFO Listener] RuntimeInformation: Darwin 24.1.0 Darwin Kernel Version 24.1.0: Thu Oct 10 21:02:45 PDT 2024; root:xnu-11215.41.3~2/RELEASE_ARM64_T8112.
[2025-03-01 12:13:51Z INFO Listener] Version: 2.322.0
[2025-03-01 12:13:51Z INFO Listener] Commit: 0edc478ca75d0a753dcbcec7405f3f26db67b1ac
[2025-03-01 12:13:51Z INFO Listener] Culture: ko-KR
[2025-03-01 12:13:51Z INFO Listener] UI Culture: ko-KR
[2025-03-01 12:13:51Z INFO HostContext] Well known directory 'Bin': '/Users/sujungnam/loc-git/sujungeee.github.io/actions-runner/bin'
[2025-03-01 12:13:51Z INFO HostContext] Well known directory 'Root': '/Users/sujungnam/loc-git/sujungeee.github.io/actions-runner'
[2025-03-01 12:13:51Z INFO Listener] Validating directory permissions for: '/Users/sujungnam/loc-git/sujungeee.github.io/actions-runner'
[2025-03-01 12:13:51Z INFO CommandLineParser] Parse
[2025-03-01 12:13:51Z INFO CommandLineParser] Parsing 1 args
[2025-03-01 12:13:51Z INFO CommandLineParser] parsing argument
[2025-03-01 12:13:51Z INFO CommandLineParser] HasArgs: False
[2025-03-01 12:13:51Z INFO CommandLineParser] Adding Command: run
[2025-03-01 12:13:51Z INFO Listener] Arguments parsed
[2025-03-01 12:13:51Z INFO Runner] ExecuteCommand
[2025-03-01 12:13:51Z INFO ConfigurationStore] currentAssemblyLocation: /Users/sujungnam/loc-git/sujungeee.github.io/actions-runner/bin/Runner.Listener.dll
[2025-03-01 12:13:51Z INFO HostContext] Well known directory 'Bin': '/Users/sujungnam/loc-git/sujungeee.github.io/actions-runner/bin'
[2025-03-01 12:13:51Z INFO ConfigurationStore] binPath: /Users/sujungnam/loc-git/sujungeee.github.io/actions-runner/bin
[2025-03-01 12:13:51Z INFO HostContext] Well known directory 'Bin': '/Users/sujungnam/loc-git/sujungeee.github.io/actions-runner/bin'
[2025-03-01 12:13:51Z INFO HostContext] Well known directory 'Root': '/Users/sujungnam/loc-git/sujungeee.github.io/actions-runner'
[2025-03-01 12:13:51Z INFO ConfigurationStore] RootFolder: /Users/sujungnam/loc-git/sujungeee.github.io/actions-runner
[2025-03-01 12:13:51Z INFO HostContext] Well known directory 'Bin': '/Users/sujungnam/loc-git/sujungeee.github.io/actions-runner/bin'
[2025-03-01 12:13:51Z INFO HostContext] Well known directory 'Root': '/Users/sujungnam/loc-git/sujungeee.github.io/actions-runner'
[2025-03-01 12:13:51Z INFO HostContext] Well known config file 'Runner': '/Users/sujungnam/loc-git/sujungeee.github.io/actions-runner/.runner'
[2025-03-01 12:13:51Z INFO ConfigurationStore] ConfigFilePath: /Users/sujungnam/loc-git/sujungeee.github.io/actions-runner/.runner
[2025-03-01 12:13:51Z INFO HostContext] Well known directory 'Bin': '/Users/sujungnam/loc-git/sujungeee.github.io/actions-runner/bin'
[2025-03-01 12:13:51Z INFO HostContext] Well known directory 'Root': '/Users/sujungnam/loc-git/sujungeee.github.io/actions-runner'
[2025-03-01 12:13:51Z INFO HostContext] Well known config file 'Credentials': '/Users/sujungnam/loc-git/sujungeee.github.io/actions-runner/.credentials'
[2025-03-01 12:13:51Z INFO ConfigurationStore] CredFilePath: /Users/sujungnam/loc-git/sujungeee.github.io/actions-runner/.credentials
[2025-03-01 12:13:51Z INFO HostContext] Well known directory 'Bin': '/Users/sujungnam/loc-git/sujungeee.github.io/actions-runner/bin'
[2025-03-01 12:13:51Z INFO HostContext] Well known directory 'Root': '/Users/sujungnam/loc-git/sujungeee.github.io/actions-runner'
[2025-03-01 12:13:51Z INFO HostContext] Well known config file 'MigratedCredentials': '/Users/sujungnam/loc-git/sujungeee.github.io/actions-runner/.credentials_migrated'
[2025-03-01 12:13:51Z INFO ConfigurationStore] MigratedCredFilePath: /Users/sujungnam/loc-git/sujungeee.github.io/actions-runner/.credentials_migrated
[2025-03-01 12:13:51Z INFO HostContext] Well known directory 'Bin': '/Users/sujungnam/loc-git/sujungeee.github.io/actions-runner/bin'
[2025-03-01 12:13:51Z INFO HostContext] Well known directory 'Root': '/Users/sujungnam/loc-git/sujungeee.github.io/actions-runner'
[2025-03-01 12:13:51Z INFO HostContext] Well known config file 'Service': '/Users/sujungnam/loc-git/sujungeee.github.io/actions-runner/.service'
[2025-03-01 12:13:51Z INFO ConfigurationStore] ServiceConfigFilePath: /Users/sujungnam/loc-git/sujungeee.github.io/actions-runner/.service
[2025-03-01 12:13:51Z INFO CommandSettings] Flag 'help': 'False'
[2025-03-01 12:13:51Z INFO CommandSettings] Flag 'version': 'False'
[2025-03-01 12:13:51Z INFO CommandSettings] Flag 'commit': 'False'
[2025-03-01 12:13:51Z INFO CommandSettings] Flag 'check': 'False'
[2025-03-01 12:13:52Z INFO CommandSettings] Command 'configure': 'False'
[2025-03-01 12:13:52Z INFO CommandSettings] Command 'remove': 'False'
[2025-03-01 12:13:52Z INFO CommandSettings] Command 'warmup': 'False'
[2025-03-01 12:13:52Z INFO ConfigurationManager] LoadSettings
[2025-03-01 12:13:52Z INFO ConfigurationStore] IsConfigured()
[2025-03-01 12:13:52Z INFO ConfigurationStore] IsConfigured: True
[2025-03-01 12:13:52Z INFO ConfigurationManager] Is configured: True
[2025-03-01 12:13:52Z INFO ConfigurationStore] Read setting file: 316 chars
[2025-03-01 12:13:52Z INFO ConfigurationManager] Settings Loaded
[2025-03-01 12:13:52Z INFO ConfigurationStore] IsServiceConfigured()
[2025-03-01 12:13:52Z INFO ConfigurationStore] IsServiceConfigured: False
[2025-03-01 12:13:52Z INFO CommandSettings] Command 'run': 'True'
[2025-03-01 12:13:52Z INFO ConfigurationStore] IsConfigured()
[2025-03-01 12:13:52Z INFO ConfigurationStore] IsConfigured: True
[2025-03-01 12:13:52Z INFO ConfigurationManager] Is configured: True
[2025-03-01 12:13:52Z INFO Runner] Could not parse the argument value '' for StartupType. Defaulting to Manual
[2025-03-01 12:13:52Z INFO Runner] Set runner startup type - Manual
[2025-03-01 12:13:52Z INFO CommandSettings] Flag 'once': 'False'
[2025-03-01 12:13:52Z INFO CommandSettings] Flag 'once': 'False'
[2025-03-01 12:13:52Z INFO Runner] RunAsync
[2025-03-01 12:13:52Z INFO ConfigurationManager] LoadSettings
[2025-03-01 12:13:52Z INFO ConfigurationStore] IsConfigured()
[2025-03-01 12:13:52Z INFO ConfigurationStore] IsConfigured: True
[2025-03-01 12:13:52Z INFO ConfigurationManager] Is configured: True
[2025-03-01 12:13:52Z INFO ConfigurationManager] Settings Loaded
[2025-03-01 12:13:52Z INFO MessageListener] {
  "AgentId": 21,
  "AgentName": "sujungui-MacBookPro",
  "PoolId": 1,
  "PoolName": "Default",
  "ServerUrl": "https://pipelinesghubeus15.actions.githubusercontent.com/maGHv5rVojYQPvtCPBGgYC9ICD5SRa3YNPrTKE3day6aypc0xe/",
  "GitHubUrl": "https://github.com/sujungeee/sujungeee.github.io",
  "WorkFolder": "_work"
}
[2025-03-01 12:13:52Z INFO MessageListener] Loading Credentials
[2025-03-01 12:13:52Z INFO ConfigurationStore] HasCredentials()
[2025-03-01 12:13:52Z INFO ConfigurationStore] stored True
[2025-03-01 12:13:52Z INFO CredentialManager] GetCredentialProvider
[2025-03-01 12:13:52Z INFO CredentialManager] Creating type OAuth
[2025-03-01 12:13:52Z INFO CredentialManager] Creating credential type: OAuth
[2025-03-01 12:13:52Z INFO HostContext] Well known directory 'Bin': '/Users/sujungnam/loc-git/sujungeee.github.io/actions-runner/bin'
[2025-03-01 12:13:52Z INFO HostContext] Well known directory 'Root': '/Users/sujungnam/loc-git/sujungeee.github.io/actions-runner'
[2025-03-01 12:13:52Z INFO HostContext] Well known config file 'RSACredentials': '/Users/sujungnam/loc-git/sujungeee.github.io/actions-runner/.credentials_rsaparams'
[2025-03-01 12:13:52Z INFO RSAFileKeyManager] Loading RSA key parameters from file /Users/sujungnam/loc-git/sujungeee.github.io/actions-runner/.credentials_rsaparams
[2025-03-01 12:13:52Z INFO MessageListener] Attempt to create session.
[2025-03-01 12:13:52Z INFO MessageListener] Connecting to the Runner Server...
[2025-03-01 12:13:52Z INFO RunnerServer] EstablishVssConnection
[2025-03-01 12:13:52Z INFO RunnerServer] Establish connection with 100 seconds timeout.
[2025-03-01 12:13:52Z INFO GitHubActionsService] Starting operation Location.GetConnectionData
[2025-03-01 12:13:52Z INFO RunnerServer] EstablishVssConnection
[2025-03-01 12:13:52Z INFO RunnerServer] Establish connection with 60 seconds timeout.
[2025-03-01 12:13:52Z INFO GitHubActionsService] Starting operation Location.GetConnectionData
[2025-03-01 12:13:52Z INFO RunnerServer] EstablishVssConnection
[2025-03-01 12:13:52Z INFO RunnerServer] Establish connection with 60 seconds timeout.
[2025-03-01 12:13:52Z INFO GitHubActionsService] Starting operation Location.GetConnectionData
[2025-03-01 12:13:53Z INFO GitHubActionsService] Finished operation Location.GetConnectionData
[2025-03-01 12:13:53Z INFO GitHubActionsService] Finished operation Location.GetConnectionData
[2025-03-01 12:13:53Z INFO GitHubActionsService] Finished operation Location.GetConnectionData
[2025-03-01 12:13:53Z INFO MessageListener] VssConnection created
[2025-03-01 12:13:53Z INFO Terminal] WRITE LINE: 
[2025-03-01 12:13:53Z INFO Terminal] WRITE LINE: 
[2025-03-01 12:13:53Z INFO RSAFileKeyManager] Loading RSA key parameters from file /Users/sujungnam/loc-git/sujungeee.github.io/actions-runner/.credentials_rsaparams
[2025-03-01 12:13:53Z INFO RSAFileKeyManager] Loading RSA key parameters from file /Users/sujungnam/loc-git/sujungeee.github.io/actions-runner/.credentials_rsaparams
[2025-03-01 12:13:54Z INFO GitHubActionsService] AAD Correlation ID for this token request: Unknown
[2025-03-01 12:13:54Z INFO MessageListener] Session created.
[2025-03-01 12:13:54Z INFO Terminal] WRITE LINE: Current runner version: '2.322.0'
[2025-03-01 12:13:54Z INFO Terminal] WRITE LINE: 2025-03-01 12:13:54Z: Listening for Jobs
[2025-03-01 12:13:54Z INFO JobDispatcher] Set runner/worker IPC timeout to 30 seconds.
[2025-03-01 12:13:54Z INFO RSAFileKeyManager] Loading RSA key parameters from file /Users/sujungnam/loc-git/sujungeee.github.io/actions-runner/.credentials_rsaparams
[2025-03-01 12:13:55Z INFO GitHubActionsService] AAD Correlation ID for this token request: Unknown
