[2025-03-01 12:03:17Z INFO HostContext] No proxy settings were found based on environmental variables (http_proxy/https_proxy/HTTP_PROXY/HTTPS_PROXY)
[2025-03-01 12:03:17Z INFO HostContext] Well known directory 'Bin': '/Users/sujungnam/loc-git/sujungeee.github.io/actions-runner/bin'
[2025-03-01 12:03:17Z INFO HostContext] Well known directory 'Root': '/Users/sujungnam/loc-git/sujungeee.github.io/actions-runner'
[2025-03-01 12:03:17Z INFO HostContext] Well known config file 'Credentials': '/Users/sujungnam/loc-git/sujungeee.github.io/actions-runner/.credentials'
[2025-03-01 12:03:17Z INFO HostContext] Well known directory 'Bin': '/Users/sujungnam/loc-git/sujungeee.github.io/actions-runner/bin'
[2025-03-01 12:03:17Z INFO HostContext] Well known directory 'Root': '/Users/sujungnam/loc-git/sujungeee.github.io/actions-runner'
[2025-03-01 12:03:17Z INFO HostContext] Well known config file 'Runner': '/Users/sujungnam/loc-git/sujungeee.github.io/actions-runner/.runner'
[2025-03-01 12:03:17Z INFO Listener] Runner is built for OSX (Arm64) - osx-arm64.
[2025-03-01 12:03:17Z INFO Listener] RuntimeInformation: Darwin 24.1.0 Darwin Kernel Version 24.1.0: Thu Oct 10 21:02:45 PDT 2024; root:xnu-11215.41.3~2/RELEASE_ARM64_T8112.
[2025-03-01 12:03:17Z INFO Listener] Version: 2.322.0
[2025-03-01 12:03:17Z INFO Listener] Commit: 0edc478ca75d0a753dcbcec7405f3f26db67b1ac
[2025-03-01 12:03:17Z INFO Listener] Culture: ko-KR
[2025-03-01 12:03:17Z INFO Listener] UI Culture: ko-KR
[2025-03-01 12:03:17Z INFO HostContext] Well known directory 'Bin': '/Users/sujungnam/loc-git/sujungeee.github.io/actions-runner/bin'
[2025-03-01 12:03:17Z INFO HostContext] Well known directory 'Root': '/Users/sujungnam/loc-git/sujungeee.github.io/actions-runner'
[2025-03-01 12:03:17Z INFO Listener] Validating directory permissions for: '/Users/sujungnam/loc-git/sujungeee.github.io/actions-runner'
[2025-03-01 12:03:17Z INFO CommandLineParser] Parse
[2025-03-01 12:03:17Z INFO CommandLineParser] Parsing 1 args
[2025-03-01 12:03:17Z INFO CommandLineParser] parsing argument
[2025-03-01 12:03:17Z INFO CommandLineParser] HasArgs: False
[2025-03-01 12:03:17Z INFO CommandLineParser] Adding Command: run
[2025-03-01 12:03:17Z INFO Listener] Arguments parsed
[2025-03-01 12:03:17Z INFO Runner] ExecuteCommand
[2025-03-01 12:03:17Z INFO ConfigurationStore] currentAssemblyLocation: /Users/sujungnam/loc-git/sujungeee.github.io/actions-runner/bin/Runner.Listener.dll
[2025-03-01 12:03:17Z INFO HostContext] Well known directory 'Bin': '/Users/sujungnam/loc-git/sujungeee.github.io/actions-runner/bin'
[2025-03-01 12:03:17Z INFO ConfigurationStore] binPath: /Users/sujungnam/loc-git/sujungeee.github.io/actions-runner/bin
[2025-03-01 12:03:17Z INFO HostContext] Well known directory 'Bin': '/Users/sujungnam/loc-git/sujungeee.github.io/actions-runner/bin'
[2025-03-01 12:03:17Z INFO HostContext] Well known directory 'Root': '/Users/sujungnam/loc-git/sujungeee.github.io/actions-runner'
[2025-03-01 12:03:17Z INFO ConfigurationStore] RootFolder: /Users/sujungnam/loc-git/sujungeee.github.io/actions-runner
[2025-03-01 12:03:17Z INFO HostContext] Well known directory 'Bin': '/Users/sujungnam/loc-git/sujungeee.github.io/actions-runner/bin'
[2025-03-01 12:03:17Z INFO HostContext] Well known directory 'Root': '/Users/sujungnam/loc-git/sujungeee.github.io/actions-runner'
[2025-03-01 12:03:17Z INFO HostContext] Well known config file 'Runner': '/Users/sujungnam/loc-git/sujungeee.github.io/actions-runner/.runner'
[2025-03-01 12:03:17Z INFO ConfigurationStore] ConfigFilePath: /Users/sujungnam/loc-git/sujungeee.github.io/actions-runner/.runner
[2025-03-01 12:03:17Z INFO HostContext] Well known directory 'Bin': '/Users/sujungnam/loc-git/sujungeee.github.io/actions-runner/bin'
[2025-03-01 12:03:17Z INFO HostContext] Well known directory 'Root': '/Users/sujungnam/loc-git/sujungeee.github.io/actions-runner'
[2025-03-01 12:03:17Z INFO HostContext] Well known config file 'Credentials': '/Users/sujungnam/loc-git/sujungeee.github.io/actions-runner/.credentials'
[2025-03-01 12:03:17Z INFO ConfigurationStore] CredFilePath: /Users/sujungnam/loc-git/sujungeee.github.io/actions-runner/.credentials
[2025-03-01 12:03:17Z INFO HostContext] Well known directory 'Bin': '/Users/sujungnam/loc-git/sujungeee.github.io/actions-runner/bin'
[2025-03-01 12:03:17Z INFO HostContext] Well known directory 'Root': '/Users/sujungnam/loc-git/sujungeee.github.io/actions-runner'
[2025-03-01 12:03:17Z INFO HostContext] Well known config file 'MigratedCredentials': '/Users/sujungnam/loc-git/sujungeee.github.io/actions-runner/.credentials_migrated'
[2025-03-01 12:03:17Z INFO ConfigurationStore] MigratedCredFilePath: /Users/sujungnam/loc-git/sujungeee.github.io/actions-runner/.credentials_migrated
[2025-03-01 12:03:17Z INFO HostContext] Well known directory 'Bin': '/Users/sujungnam/loc-git/sujungeee.github.io/actions-runner/bin'
[2025-03-01 12:03:17Z INFO HostContext] Well known directory 'Root': '/Users/sujungnam/loc-git/sujungeee.github.io/actions-runner'
[2025-03-01 12:03:17Z INFO HostContext] Well known config file 'Service': '/Users/sujungnam/loc-git/sujungeee.github.io/actions-runner/.service'
[2025-03-01 12:03:17Z INFO ConfigurationStore] ServiceConfigFilePath: /Users/sujungnam/loc-git/sujungeee.github.io/actions-runner/.service
[2025-03-01 12:03:17Z INFO CommandSettings] Flag 'help': 'False'
[2025-03-01 12:03:17Z INFO CommandSettings] Flag 'version': 'False'
[2025-03-01 12:03:17Z INFO CommandSettings] Flag 'commit': 'False'
[2025-03-01 12:03:17Z INFO CommandSettings] Flag 'check': 'False'
[2025-03-01 12:03:17Z INFO CommandSettings] Command 'configure': 'False'
[2025-03-01 12:03:17Z INFO CommandSettings] Command 'remove': 'False'
[2025-03-01 12:03:17Z INFO CommandSettings] Command 'warmup': 'False'
[2025-03-01 12:03:17Z INFO ConfigurationManager] LoadSettings
[2025-03-01 12:03:17Z INFO ConfigurationStore] IsConfigured()
[2025-03-01 12:03:17Z INFO ConfigurationStore] IsConfigured: False
[2025-03-01 12:03:17Z INFO ConfigurationManager] Is configured: False
[2025-03-01 12:03:17Z ERR  Terminal] WRITE ERROR: An error occurred: Not configured. Run config.(sh/cmd) to configure the runner.
[2025-03-01 12:03:17Z ERR  Listener] GitHub.Runner.Common.NonRetryableException: Not configured. Run config.(sh/cmd) to configure the runner.
   at GitHub.Runner.Listener.Configuration.ConfigurationManager.LoadSettings()
   at GitHub.Runner.Listener.Runner.ExecuteCommand(CommandSettings command)
   at GitHub.Runner.Listener.Program.MainAsync(IHostContext context, String[] args)
