[2025-03-01 12:13:06Z INFO HostContext] No proxy settings were found based on environmental variables (http_proxy/https_proxy/HTTP_PROXY/HTTPS_PROXY)
[2025-03-01 12:13:06Z INFO HostContext] Well known directory 'Bin': '/Users/sujungnam/loc-git/sujungeee.github.io/actions-runner/bin'
[2025-03-01 12:13:06Z INFO HostContext] Well known directory 'Root': '/Users/sujungnam/loc-git/sujungeee.github.io/actions-runner'
[2025-03-01 12:13:06Z INFO HostContext] Well known config file 'Credentials': '/Users/sujungnam/loc-git/sujungeee.github.io/actions-runner/.credentials'
[2025-03-01 12:13:06Z INFO HostContext] Well known directory 'Bin': '/Users/sujungnam/loc-git/sujungeee.github.io/actions-runner/bin'
[2025-03-01 12:13:06Z INFO HostContext] Well known directory 'Root': '/Users/sujungnam/loc-git/sujungeee.github.io/actions-runner'
[2025-03-01 12:13:06Z INFO HostContext] Well known config file 'Runner': '/Users/sujungnam/loc-git/sujungeee.github.io/actions-runner/.runner'
[2025-03-01 12:13:06Z INFO Listener] Runner is built for OSX (Arm64) - osx-arm64.
[2025-03-01 12:13:06Z INFO Listener] RuntimeInformation: Darwin 24.1.0 Darwin Kernel Version 24.1.0: Thu Oct 10 21:02:45 PDT 2024; root:xnu-11215.41.3~2/RELEASE_ARM64_T8112.
[2025-03-01 12:13:06Z INFO Listener] Version: 2.322.0
[2025-03-01 12:13:06Z INFO Listener] Commit: 0edc478ca75d0a753dcbcec7405f3f26db67b1ac
[2025-03-01 12:13:06Z INFO Listener] Culture: ko-KR
[2025-03-01 12:13:06Z INFO Listener] UI Culture: ko-KR
[2025-03-01 12:13:06Z INFO HostContext] Well known directory 'Bin': '/Users/sujungnam/loc-git/sujungeee.github.io/actions-runner/bin'
[2025-03-01 12:13:06Z INFO HostContext] Well known directory 'Root': '/Users/sujungnam/loc-git/sujungeee.github.io/actions-runner'
[2025-03-01 12:13:06Z INFO Listener] Validating directory permissions for: '/Users/sujungnam/loc-git/sujungeee.github.io/actions-runner'
[2025-03-01 12:13:06Z INFO CommandLineParser] Parse
[2025-03-01 12:13:06Z INFO CommandLineParser] Parsing 5 args
[2025-03-01 12:13:06Z INFO CommandLineParser] parsing argument
[2025-03-01 12:13:06Z INFO CommandLineParser] HasArgs: False
[2025-03-01 12:13:06Z INFO CommandLineParser] Adding Command: configure
[2025-03-01 12:13:06Z INFO CommandLineParser] parsing argument
[2025-03-01 12:13:06Z INFO CommandLineParser] HasArgs: True
[2025-03-01 12:13:06Z INFO CommandLineParser] arg: url
[2025-03-01 12:13:06Z INFO CommandLineParser] parsing argument
[2025-03-01 12:13:06Z INFO CommandLineParser] HasArgs: True
[2025-03-01 12:13:06Z INFO CommandLineParser] Adding option 'url': 'https://github.com/sujungeee/sujungeee.github.io'
[2025-03-01 12:13:06Z INFO CommandLineParser] parsing argument
[2025-03-01 12:13:06Z INFO CommandLineParser] HasArgs: True
[2025-03-01 12:13:06Z INFO CommandLineParser] arg: token
[2025-03-01 12:13:06Z INFO CommandLineParser] parsing argument
[2025-03-01 12:13:06Z INFO CommandLineParser] HasArgs: True
[2025-03-01 12:13:06Z INFO CommandLineParser] Adding option 'token': '***'
[2025-03-01 12:13:06Z INFO Listener] Arguments parsed
[2025-03-01 12:13:06Z INFO Runner] ExecuteCommand
[2025-03-01 12:13:06Z INFO ConfigurationStore] currentAssemblyLocation: /Users/sujungnam/loc-git/sujungeee.github.io/actions-runner/bin/Runner.Listener.dll
[2025-03-01 12:13:06Z INFO HostContext] Well known directory 'Bin': '/Users/sujungnam/loc-git/sujungeee.github.io/actions-runner/bin'
[2025-03-01 12:13:06Z INFO ConfigurationStore] binPath: /Users/sujungnam/loc-git/sujungeee.github.io/actions-runner/bin
[2025-03-01 12:13:06Z INFO HostContext] Well known directory 'Bin': '/Users/sujungnam/loc-git/sujungeee.github.io/actions-runner/bin'
[2025-03-01 12:13:06Z INFO HostContext] Well known directory 'Root': '/Users/sujungnam/loc-git/sujungeee.github.io/actions-runner'
[2025-03-01 12:13:06Z INFO ConfigurationStore] RootFolder: /Users/sujungnam/loc-git/sujungeee.github.io/actions-runner
[2025-03-01 12:13:06Z INFO HostContext] Well known directory 'Bin': '/Users/sujungnam/loc-git/sujungeee.github.io/actions-runner/bin'
[2025-03-01 12:13:06Z INFO HostContext] Well known directory 'Root': '/Users/sujungnam/loc-git/sujungeee.github.io/actions-runner'
[2025-03-01 12:13:06Z INFO HostContext] Well known config file 'Runner': '/Users/sujungnam/loc-git/sujungeee.github.io/actions-runner/.runner'
[2025-03-01 12:13:06Z INFO ConfigurationStore] ConfigFilePath: /Users/sujungnam/loc-git/sujungeee.github.io/actions-runner/.runner
[2025-03-01 12:13:06Z INFO HostContext] Well known directory 'Bin': '/Users/sujungnam/loc-git/sujungeee.github.io/actions-runner/bin'
[2025-03-01 12:13:06Z INFO HostContext] Well known directory 'Root': '/Users/sujungnam/loc-git/sujungeee.github.io/actions-runner'
[2025-03-01 12:13:06Z INFO HostContext] Well known config file 'Credentials': '/Users/sujungnam/loc-git/sujungeee.github.io/actions-runner/.credentials'
[2025-03-01 12:13:06Z INFO ConfigurationStore] CredFilePath: /Users/sujungnam/loc-git/sujungeee.github.io/actions-runner/.credentials
[2025-03-01 12:13:06Z INFO HostContext] Well known directory 'Bin': '/Users/sujungnam/loc-git/sujungeee.github.io/actions-runner/bin'
[2025-03-01 12:13:06Z INFO HostContext] Well known directory 'Root': '/Users/sujungnam/loc-git/sujungeee.github.io/actions-runner'
[2025-03-01 12:13:06Z INFO HostContext] Well known config file 'MigratedCredentials': '/Users/sujungnam/loc-git/sujungeee.github.io/actions-runner/.credentials_migrated'
[2025-03-01 12:13:06Z INFO ConfigurationStore] MigratedCredFilePath: /Users/sujungnam/loc-git/sujungeee.github.io/actions-runner/.credentials_migrated
[2025-03-01 12:13:06Z INFO HostContext] Well known directory 'Bin': '/Users/sujungnam/loc-git/sujungeee.github.io/actions-runner/bin'
[2025-03-01 12:13:06Z INFO HostContext] Well known directory 'Root': '/Users/sujungnam/loc-git/sujungeee.github.io/actions-runner'
[2025-03-01 12:13:06Z INFO HostContext] Well known config file 'Service': '/Users/sujungnam/loc-git/sujungeee.github.io/actions-runner/.service'
[2025-03-01 12:13:06Z INFO ConfigurationStore] ServiceConfigFilePath: /Users/sujungnam/loc-git/sujungeee.github.io/actions-runner/.service
[2025-03-01 12:13:06Z INFO CommandSettings] Flag 'help': 'False'
[2025-03-01 12:13:06Z INFO CommandSettings] Flag 'version': 'False'
[2025-03-01 12:13:06Z INFO CommandSettings] Flag 'commit': 'False'
[2025-03-01 12:13:06Z INFO CommandSettings] Flag 'check': 'False'
[2025-03-01 12:13:06Z INFO CommandSettings] Command 'configure': 'True'
[2025-03-01 12:13:06Z INFO Terminal] WRITE LINE: 
[2025-03-01 12:13:06Z INFO Terminal] WRITE LINE: --------------------------------------------------------------------------------
[2025-03-01 12:13:06Z INFO Terminal] WRITE LINE: |        ____ _ _   _   _       _          _        _   _                      |
[2025-03-01 12:13:06Z INFO Terminal] WRITE LINE: |       / ___(_) |_| | | |_   _| |__      / \   ___| |_(_) ___  _ __  ___      |
[2025-03-01 12:13:06Z INFO Terminal] WRITE LINE: |      | |  _| | __| |_| | | | | '_ \    / _ \ / __| __| |/ _ \| '_ \/ __|     |
[2025-03-01 12:13:06Z INFO Terminal] WRITE LINE: |      | |_| | | |_|  _  | |_| | |_) |  / ___ \ (__| |_| | (_) | | | \__ \     |
[2025-03-01 12:13:06Z INFO Terminal] WRITE LINE: |       \____|_|\__|_| |_|\__,_|_.__/  /_/   \_\___|\__|_|\___/|_| |_|___/     |
[2025-03-01 12:13:06Z INFO Terminal] WRITE LINE: |                                                                              |
[2025-03-01 12:13:06Z INFO Terminal] WRITE: |                       
[2025-03-01 12:13:06Z INFO Terminal] WRITE: Self-hosted runner registration
[2025-03-01 12:13:06Z INFO Terminal] WRITE LINE:                         |
[2025-03-01 12:13:06Z INFO Terminal] WRITE LINE: |                                                                              |
[2025-03-01 12:13:06Z INFO Terminal] WRITE LINE: --------------------------------------------------------------------------------
[2025-03-01 12:13:06Z INFO ConfigurationManager] ConfigureAsync
[2025-03-01 12:13:06Z INFO CommandSettings] Flag 'generateServiceConfig': 'False'
[2025-03-01 12:13:06Z INFO ConfigurationStore] IsConfigured()
[2025-03-01 12:13:06Z INFO ConfigurationStore] IsConfigured: False
[2025-03-01 12:13:06Z INFO ConfigurationManager] Is configured: False
[2025-03-01 12:13:06Z INFO CommandSettings] Arg 'url': 'https://github.com/sujungeee/sujungeee.github.io'
[2025-03-01 12:13:06Z INFO CommandSettings] Remove url from Arg dictionary.
[2025-03-01 12:13:06Z INFO CommandSettings] Arg 'token': '***'
[2025-03-01 12:13:06Z INFO CommandSettings] Remove token from Arg dictionary.
[2025-03-01 12:13:07Z INFO ConfigurationManager] Http response code: OK from 'POST https://api.github.com/actions/runner-registration' (D568:24A043:413442:62995D:67C2F9D2)
[2025-03-01 12:13:07Z INFO ConfigurationManager] Using V2 flow: False
[2025-03-01 12:13:07Z INFO ConfigurationManager] cred retrieved via GitHub auth
[2025-03-01 12:13:07Z INFO RunnerServer] EstablishVssConnection
[2025-03-01 12:13:07Z INFO RunnerServer] Establish connection with 100 seconds timeout.
[2025-03-01 12:13:07Z INFO GitHubActionsService] Starting operation Location.GetConnectionData
[2025-03-01 12:13:07Z INFO RunnerServer] EstablishVssConnection
[2025-03-01 12:13:07Z INFO RunnerServer] Establish connection with 60 seconds timeout.
[2025-03-01 12:13:07Z INFO GitHubActionsService] Starting operation Location.GetConnectionData
[2025-03-01 12:13:07Z INFO RunnerServer] EstablishVssConnection
[2025-03-01 12:13:07Z INFO RunnerServer] Establish connection with 60 seconds timeout.
[2025-03-01 12:13:07Z INFO GitHubActionsService] Starting operation Location.GetConnectionData
[2025-03-01 12:13:08Z INFO GitHubActionsService] Finished operation Location.GetConnectionData
[2025-03-01 12:13:08Z INFO GitHubActionsService] Finished operation Location.GetConnectionData
[2025-03-01 12:13:08Z INFO GitHubActionsService] Finished operation Location.GetConnectionData
[2025-03-01 12:13:08Z INFO Terminal] WRITE LINE: 
[2025-03-01 12:13:08Z INFO ConfigurationManager] Test Connection complete.
[2025-03-01 12:13:08Z INFO HostContext] Well known directory 'Bin': '/Users/sujungnam/loc-git/sujungeee.github.io/actions-runner/bin'
[2025-03-01 12:13:08Z INFO HostContext] Well known directory 'Root': '/Users/sujungnam/loc-git/sujungeee.github.io/actions-runner'
[2025-03-01 12:13:08Z INFO HostContext] Well known config file 'RSACredentials': '/Users/sujungnam/loc-git/sujungeee.github.io/actions-runner/.credentials_rsaparams'
[2025-03-01 12:13:08Z INFO RSAFileKeyManager] Found existing RSA key parameters file /Users/sujungnam/loc-git/sujungeee.github.io/actions-runner/.credentials_rsaparams
[2025-03-01 12:13:08Z INFO CommandSettings] Arg 'runnergroup': ''
[2025-03-01 12:13:08Z INFO CommandSettings] Flag 'unattended': 'False'
[2025-03-01 12:13:08Z INFO PromptManager] ReadValue
[2025-03-01 12:13:08Z INFO Terminal] WRITE: Enter the name of the runner group to add this runner to: 
[2025-03-01 12:13:08Z INFO Terminal] WRITE: [press Enter for Default] 
[2025-03-01 12:13:08Z INFO Terminal] READ LINE
[2025-03-01 12:13:34Z INFO Terminal] Read value: ''
[2025-03-01 12:13:34Z INFO PromptManager] Falling back to the default: 'Default'
[2025-03-01 12:13:34Z INFO Terminal] WRITE LINE: 
[2025-03-01 12:13:34Z INFO ConfigurationManager] Found a self-hosted runner group with id 1 and name Default
[2025-03-01 12:13:34Z INFO CommandSettings] Flag 'disableupdate': 'False'
[2025-03-01 12:13:34Z INFO CommandSettings] Flag 'ephemeral': 'False'
[2025-03-01 12:13:34Z INFO CommandSettings] Arg 'name': ''
[2025-03-01 12:13:34Z INFO CommandSettings] Flag 'unattended': 'False'
[2025-03-01 12:13:34Z INFO PromptManager] ReadValue
[2025-03-01 12:13:34Z INFO Terminal] WRITE: Enter the name of runner: 
[2025-03-01 12:13:34Z INFO Terminal] WRITE: [press Enter for sujungui-MacBookPro] 
[2025-03-01 12:13:34Z INFO Terminal] READ LINE
[2025-03-01 12:13:37Z INFO Terminal] Read value: ''
[2025-03-01 12:13:37Z INFO PromptManager] Falling back to the default: 'sujungui-MacBookPro'
[2025-03-01 12:13:37Z INFO Terminal] WRITE LINE: 
[2025-03-01 12:13:37Z INFO CommandSettings] Arg 'labels': ''
[2025-03-01 12:13:37Z INFO CommandSettings] Flag 'unattended': 'False'
[2025-03-01 12:13:37Z INFO PromptManager] ReadValue
[2025-03-01 12:13:37Z INFO Terminal] WRITE: This runner will have the following labels: 'self-hosted', 'macOS', 'ARM64' 
Enter any additional labels (ex. label-1,label-2): 
[2025-03-01 12:13:37Z INFO Terminal] WRITE: [press Enter to skip] 
[2025-03-01 12:13:37Z INFO Terminal] READ LINE
[2025-03-01 12:13:39Z INFO Terminal] Read value: ''
[2025-03-01 12:13:39Z INFO Terminal] WRITE LINE: 
[2025-03-01 12:13:39Z INFO CommandSettings] Flag 'disableupdate': 'False'
[2025-03-01 12:13:39Z INFO CommandSettings] Flag 'no-default-labels': 'False'
[2025-03-01 12:13:40Z INFO CommandSettings] Flag 'disableupdate': 'False'
[2025-03-01 12:13:40Z INFO CommandSettings] Flag 'ephemeral': 'False'
[2025-03-01 12:13:40Z INFO ConfigurationStore] Saving OAuth credential @ /Users/sujungnam/loc-git/sujungeee.github.io/actions-runner/.credentials
[2025-03-01 12:13:40Z INFO ConfigurationStore] Credentials Saved.
[2025-03-01 12:13:40Z INFO ConfigurationStore] HasCredentials()
[2025-03-01 12:13:40Z INFO ConfigurationStore] stored True
[2025-03-01 12:13:40Z INFO CredentialManager] GetCredentialProvider
[2025-03-01 12:13:40Z INFO CredentialManager] Creating type OAuth
[2025-03-01 12:13:40Z INFO CredentialManager] Creating credential type: OAuth
[2025-03-01 12:13:40Z INFO RSAFileKeyManager] Loading RSA key parameters from file /Users/sujungnam/loc-git/sujungeee.github.io/actions-runner/.credentials_rsaparams
[2025-03-01 12:13:40Z INFO RunnerServer] EstablishVssConnection
[2025-03-01 12:13:40Z INFO RunnerServer] Establish connection with 100 seconds timeout.
[2025-03-01 12:13:40Z INFO GitHubActionsService] Starting operation Location.GetConnectionData
[2025-03-01 12:13:40Z INFO RunnerServer] EstablishVssConnection
[2025-03-01 12:13:40Z INFO RunnerServer] Establish connection with 60 seconds timeout.
[2025-03-01 12:13:40Z INFO GitHubActionsService] Starting operation Location.GetConnectionData
[2025-03-01 12:13:40Z INFO RunnerServer] EstablishVssConnection
[2025-03-01 12:13:40Z INFO RunnerServer] Establish connection with 60 seconds timeout.
[2025-03-01 12:13:40Z INFO GitHubActionsService] Starting operation Location.GetConnectionData
[2025-03-01 12:13:41Z INFO GitHubActionsService] Finished operation Location.GetConnectionData
[2025-03-01 12:13:41Z INFO GitHubActionsService] Finished operation Location.GetConnectionData
[2025-03-01 12:13:41Z INFO GitHubActionsService] Finished operation Location.GetConnectionData
[2025-03-01 12:13:41Z INFO RSAFileKeyManager] Loading RSA key parameters from file /Users/sujungnam/loc-git/sujungeee.github.io/actions-runner/.credentials_rsaparams
[2025-03-01 12:13:41Z INFO RSAFileKeyManager] Loading RSA key parameters from file /Users/sujungnam/loc-git/sujungeee.github.io/actions-runner/.credentials_rsaparams
[2025-03-01 12:13:42Z INFO GitHubActionsService] AAD Correlation ID for this token request: Unknown
[2025-03-01 12:13:42Z INFO CommandSettings] Arg 'work': ''
[2025-03-01 12:13:42Z INFO CommandSettings] Flag 'unattended': 'False'
[2025-03-01 12:13:42Z INFO PromptManager] ReadValue
[2025-03-01 12:13:42Z INFO Terminal] WRITE: Enter name of work folder: 
[2025-03-01 12:13:42Z INFO Terminal] WRITE: [press Enter for _work] 
[2025-03-01 12:13:42Z INFO Terminal] READ LINE
[2025-03-01 12:13:43Z INFO Terminal] Read value: ''
[2025-03-01 12:13:43Z INFO PromptManager] Falling back to the default: '_work'
[2025-03-01 12:13:43Z INFO ConfigurationStore] Saving runner settings.
[2025-03-01 12:13:43Z INFO ConfigurationStore] Settings Saved.
[2025-03-01 12:13:43Z INFO Terminal] WRITE LINE: 
[2025-03-01 12:13:43Z INFO Terminal] WRITE LINE: 
[2025-03-01 12:13:43Z INFO OsxServiceControlManager] Service name 'actions.runner.sujungeee-sujungeee.github.io.sujungui-MacBookPro' display name 'GitHub Actions Runner (sujungeee-sujungeee.github.io.sujungui-MacBookPro)' will be used for service configuration.
[2025-03-01 12:13:43Z INFO HostContext] Well known directory 'Bin': '/Users/sujungnam/loc-git/sujungeee.github.io/actions-runner/bin'
[2025-03-01 12:13:43Z INFO HostContext] Well known directory 'Root': '/Users/sujungnam/loc-git/sujungeee.github.io/actions-runner'
[2025-03-01 12:13:43Z INFO HostContext] Well known directory 'Bin': '/Users/sujungnam/loc-git/sujungeee.github.io/actions-runner/bin'
[2025-03-01 12:13:43Z INFO HostContext] Well known directory 'Bin': '/Users/sujungnam/loc-git/sujungeee.github.io/actions-runner/bin'
[2025-03-01 12:13:43Z INFO HostContext] Well known directory 'Root': '/Users/sujungnam/loc-git/sujungeee.github.io/actions-runner'
[2025-03-01 12:13:43Z INFO UnixUtil] Which2: 'chmod'
[2025-03-01 12:13:43Z INFO UnixUtil] Location: '/bin/chmod'
[2025-03-01 12:13:43Z INFO UnixUtil] Running /bin/chmod 755 "/Users/sujungnam/loc-git/sujungeee.github.io/actions-runner/svc.sh"
[2025-03-01 12:13:43Z INFO ProcessInvokerWrapper] Starting process:
[2025-03-01 12:13:43Z INFO ProcessInvokerWrapper]   File name: '/bin/chmod'
[2025-03-01 12:13:43Z INFO ProcessInvokerWrapper]   Arguments: '755 "/Users/sujungnam/loc-git/sujungeee.github.io/actions-runner/svc.sh"'
[2025-03-01 12:13:43Z INFO ProcessInvokerWrapper]   Working directory: '/Users/sujungnam/loc-git/sujungeee.github.io/actions-runner'
[2025-03-01 12:13:43Z INFO ProcessInvokerWrapper]   Require exit code zero: 'True'
[2025-03-01 12:13:43Z INFO ProcessInvokerWrapper]   Encoding web name:  ; code page: ''
[2025-03-01 12:13:43Z INFO ProcessInvokerWrapper]   Force kill process on cancellation: 'False'
[2025-03-01 12:13:43Z INFO ProcessInvokerWrapper]   Redirected STDIN: 'False'
[2025-03-01 12:13:43Z INFO ProcessInvokerWrapper]   Persist current code page: 'False'
[2025-03-01 12:13:43Z INFO ProcessInvokerWrapper]   Keep redirected STDIN open: 'False'
[2025-03-01 12:13:43Z INFO ProcessInvokerWrapper]   High priority process: 'False'
[2025-03-01 12:13:43Z INFO ProcessInvokerWrapper] Process started with process id 72535, waiting for process exit.
[2025-03-01 12:13:43Z INFO ProcessInvokerWrapper] STDOUT/STDERR stream read finished.
[2025-03-01 12:13:43Z INFO ProcessInvokerWrapper] STDOUT/STDERR stream read finished.
[2025-03-01 12:13:43Z INFO ProcessInvokerWrapper] Finished process 72535 with exit code 0, and elapsed time 00:00:00.0531871.
[2025-03-01 12:13:43Z INFO Listener] Runner execution has finished with return code 0
